20 14.0076 34.0076 4.00485 3.96521 4.00485 3.96521
19.875 14.0076 33.8674 4.00485 3.98522 4.00485 3.98522
19.75 14.0076 33.7415 4.00485 3.99239 4.00485 3.99239
19.625 14.0076 33.6177 4.00484 3.99729 4.00484 3.99729
19.5 14.0076 33.4978 4.00484 4.00093 4.00484 4.00093
19.375 14.0076 33.3773 4.00484 4.00232 4.00484 4.00232
19.25 14.0076 33.2573 4.00484 4.00147 4.00484 4.00147
19.125 14.0076 33.1335 4.00484 3.9994 4.00484 3.9994
19 14.0076 33.0076 4.00484 3.9951 4.00484 3.9951
18.875 14.0076 32.8674 4.00484 4.00141 4.00484 4.00141
18.75 14.0076 32.7415 4.00484 4.00709 4.00484 4.00709
18.625 14.0076 32.6177 4.00484 4.01064 4.00484 4.01064
18.5 14.0076 32.4978 4.00483 4.01307 4.00483 4.01307
18.375 14.0076 32.3772 4.00483 4.01337 4.00483 4.01337
18.25 14.0076 32.2573 4.00483 4.01154 4.00483 4.01154
18.125 14.0076 32.1335 4.00483 4.00859 4.00483 4.00859
18 14.0076 32.0076 4.00482 4.00351 4.00482 4.00351
17.875 14.0076 31.8674 4.00482 4.00446 4.00482 4.00446
17.75 14.0076 31.7415 4.00481 4.00977 4.00481 4.00977
17.625 14.0076 31.6177 4.00481 4.01299 4.00481 4.01299
17.5 14.0076 31.4978 4.0048 4.01512 4.0048 4.01512
17.375 14.0076 31.3772 4.00479 4.01516 4.00479 4.01516
17.25 14.0076 31.2573 4.00477 4.0131 4.00477 4.0131
17.125 14.0076 31.1335 4.00476 4.00995 4.00476 4.00995
17 14.0076 31.0076 4.00475 4.0047 4.00476 4.00471
16.875 14.0076 30.8674 4.00473 4.00471 4.00474 4.00472
16.75 14.0076 30.7415 4.00471 4.00998 4.00472 4.00999
16.625 14.0076 30.6177 4.00468 4.01315 4.00469 4.01316
16.5 14.0076 30.4978 4.00465 4.01525 4.00466 4.01526
16.375 14.0076 30.3772 4.00462 4.01526 4.00464 4.01528
16.25 14.0076 30.2573 4.00458 4.01316 4.0046 4.01318
16.125 14.0076 30.1335 4.00453 4.00999 4.00456 4.01002
16 14.0076 30.0076 4.00449 4.00473 4.00452 4.00476
15.875 14.0076 29.8674 4.00443 4.00443 4.00447 4.00447
15.75 14.0076 29.7415 4.00437 4.0097 4.00442 4.00975
15.625 14.0076 29.6177 4.00428 4.01288 4.00434 4.01295
15.5 14.0076 29.4978 4.00418 4.01497 4.00426 4.01505
15.375 14.0076 29.3772 4.00407 4.01497 4.00416 4.01507
15.25 14.0076 29.2573 4.00395 4.01288 4.00406 4.013
15.125 14.0076 29.1335 4.00381 4.0097 4.00395 4.00984
15 14.0076 29.0076 4.00367 4.00443 4.00384 4.0046
14.875 14.0076 28.8674 4.00351 4.00351 4.00372 4.00372
14.75 14.0076 28.7415 4.00332 4.00879 4.00357 4.00905
14.625 14.0076 28.6177 4.00308 4.01197 4.00339 4.01228
14.5 14.0076 28.4978 4.00281 4.01407 4.00318 4.01445
14.375 14.0076 28.3772 4.00251 4.01407 4.00295 4.01452
14.25 14.0076 28.2573 4.00217 4.01197 4.00269 4.0125
14.125 14.0076 28.1335 4.00181 4.00879 4.00243 4.00942
14 14.0076 28.0076 4.00142 4.00351 4.00216 4.00425
13.875 14.0076 27.8674 4.00101 4.00101 4.0019 4.0019
13.75 14.0076 27.7415 4.00051 4.00631 4.00158 4.00739
13.625 14.0076 27.6177 3.99993 4.00951 4.00119 4.01079
13.5 14.0076 27.4978 3.99928 4.01161 4.00076 4.01312
13.375 14.0076 27.3772 3.99856 4.01161 4.0003 4.01338
13.25 14.0076 27.2573 3.99778 4.00951 3.9998 4.01156
13.125 14.0076 27.1335 3.99693 4.00631 3.99927 4.00868
13 14.0076 27.0076 3.99604 4.00101 3.99875 4.00374
12.875 14.0076 26.8674 3.9951 3.9951 3.99829 3.99829
12.75 14.0076 26.7415 3.99402 4.00047 3.99775 4.00423
12.625 14.0076 26.6177 3.99282 4.00371 3.99714 4.00808
12.5 14.0076 26.4977 3.99151 4.00583 3.99648 4.01087
12.375 14.0076 26.3772 3.99008 4.00583 3.99576 4.01159
12.25 14.0076 26.2573 3.98856 4.00371 3.99501 4.01025
12.125 14.0077 26.1335 3.98693 4.00047 3.99425 4.00788
12 14.0077 26.0076 3.98522 3.9951 3.99351 4.00346
11.875 14.0077 25.8673 3.98344 3.98344 3.99286 3.99286
11.75 14.0077 25.7414 3.98154 3.98895 3.99228 3.99975
11.625 14.0077 25.6177 3.97952 3.99228 3.99167 4.00453
11.5 14.0077 25.4977 3.97739 3.99445 3.99102 4.00822
11.375 14.0077 25.3772 3.97516 3.99445 3.99037 4.00981
11.25 14.0076 25.2573 3.97283 3.99228 3.98969 4.0093
11.125 14.0076 25.1335 3.97037 3.98895 3.98905 4.00778
11 14.0076 25.0076 3.96784 3.98344 3.98845 4.00417
10.875 14.0076 24.8674 3.96521 3.96521 3.98783 3.98783
10.75 14.0076 24.7413 3.96268 3.97098 3.98776 3.99612
10.625 14.0076 24.6174 3.96023 3.97449 3.98783 4.00218
10.5 14.0077 24.4974 3.95783 3.97674 3.98794 4.00696
10.375 14.0077 24.3767 3.95547 3.97674 3.98815 4.00951
10.25 13.9977 24.2567 3.9661 3.97449 4.00155 4.00997
10.125 13.9979 24.1328 3.96359 3.97098 4.00167 4.00907
10 13.998 24.0067 3.961 3.96521 4.00168 4.00589
9.875 13.9982 23.8768 3.95832 3.95832 4.00161 4.00161
9.75 13.9987 23.7402 3.95573 3.95214 4.00174 3.99816
9.625 13.9993 23.6153 3.95321 3.95593 4.00189 4.00459
9.5 14.0001 23.4943 3.95075 3.95831 4.0018 4.00929
9.375 14.0011 23.3727 3.94833 3.95831 4.00145 4.01131
9.25 14.0022 23.2518 3.94593 3.95593 4.00074 4.01059
9.125 14.0033 23.1269 3.94346 3.95215 3.9996 4.00814
9 14.0046 23 3.941 3.94597 3.99799 4.00286
8.875 14.0059 22.8691 3.93851 3.93851 3.99581 3.99581
8.75 14.0089 22.7287 3.93677 3.95421 3.99405 4.01103
8.625 14.0133 22.5976 3.9357 3.95818 3.99184 4.01366
8.5 14.0188 22.4705 3.93522 3.96069 3.98929 4.01394
8.375 14.0254 22.3428 3.93532 3.96069 3.98626 4.01075
8.25 14.0328 22.2159 3.9359 3.95818 3.98266 4.00413
8.125 14.0411 22.0851 3.93683 3.95421 3.97816 3.99488
8 14.0499 21.9523 3.93815 3.94771 3.97282 3.982
7.875 14.0594 21.8156 3.93984 3.93984 3.96645 3.96645
7.75 14.0674 21.6902 3.94108 3.92814 3.95953 3.9471
7.625 14.0814 21.4787 3.94399 4.0228 3.94001 4.0158
7.5 14.0934 21.3359 3.94647 4.02082 3.92864 4.00029
7.375 14.1095 21.1971 3.95031 4.01637 3.91764 3.98144
7.25 14.124 21.0685 3.95384 4.0079 3.90704 3.95939
7.125 14.1411 20.941 3.95844 3.9979 3.89683 3.93515
7 14.1557 20.8211 3.96265 3.98371 3.88735 3.90785
6.875 14.1723 20.7027 3.96783 3.96783 3.87863 3.87863
6.75 14.1863 20.5957 3.97247 3.94824 3.87124 3.84754
6.625 14.202 20.2895 3.978 4.11696 3.82627 3.96297
6.5 14.216 20.1607 3.98317 4.10501 3.81768 3.93758
6.375 14.2317 20.034 3.98933 4.0918 3.81104 3.91182
6.25 14.2457 19.9183 3.99522 4.07517 3.80655 3.88509
6.125 14.2606 19.8032 4.00183 4.05781 3.80382 3.8587
